<?xml version="1.0" encoding="UTF-8"?>
<!-- Generated by org.testng.reporters.JUnitXMLReporter -->
<testsuite ignored="0" hostname="Jyothi" failures="1" tests="1" name="Test" time="6.556" errors="0" timestamp="2025-06-09T20:33:47 IST">
  <testcase classname="testScript.ManageContactTest" name="verifyWhetherTheUserIsAbleToAddNewContact" time="1.168">
    <failure type="java.lang.NullPointerException" message="Cannot invoke &amp;quot;org.apache.poi.xssf.usermodel.XSSFSheet.getRow(int)&amp;quot; because &amp;quot;utilities.ExcelUtility.sh&amp;quot; is null">
      <![CDATA[java.lang.NullPointerException: Cannot invoke "org.apache.poi.xssf.usermodel.XSSFSheet.getRow(int)" because "utilities.ExcelUtility.sh" is null
at utilities.ExcelUtility.getStringData(ExcelUtility.java:24)
at testScript.ManageContactTest.verifyWhetherTheUserIsAbleToAddNewContact(ManageContactTest.java:28)
at java.base/java.util.ArrayList.forEach(ArrayList.java:1596)
... Removed 25 stack frames]]>
    </failure>
  </testcase> <!-- verifyWhetherTheUserIsAbleToAddNewContact -->
</testsuite> <!-- Test -->
