<?xml version="1.0" encoding="UTF-8"?>
<!-- Generated by org.testng.reporters.JUnitXMLReporter -->
<testsuite ignored="0" hostname="Jyothi" failures="0" tests="3" name="Test" time="16.015" errors="0" timestamp="2025-06-08T20:15:25 IST">
  <testcase classname="testScript.ManageNewsTest" name="manageNewsTest" time="3.565"/>
  <testcase classname="testScript.ManageNewsTest" name="manageNewsTest1" time="1.208"/>
  <testcase classname="testScript.ManageNewsTest" name="manageNewsTest2" time="1.247"/>
</testsuite> <!-- Test -->
