<?xml version="1.0" encoding="UTF-8"?>
<testng-results ignored="0" total="1" passed="0" failed="1" skipped="0">
  <reporter-output>
  </reporter-output>
  <suite started-at="2025-06-09T20:33:40 IST" name="Suite" finished-at="2025-06-09T20:33:46 IST" duration-ms="6556">
    <groups>
    </groups>
    <test started-at="2025-06-09T20:33:40 IST" name="Test" finished-at="2025-06-09T20:33:46 IST" duration-ms="6556">
      <class name="testScript.ManageContactTest">
        <test-method is-config="true" signature="browserIntialization(java.lang.String)[pri:0, instance:testScript.ManageContactTest@1be2019a]" started-at="2025-06-09T20:33:40 IST" name="browserIntialization" finished-at="2025-06-09T20:33:44 IST" duration-ms="4437" status="PASS">
          <params>
            <param index="0">
              <value>
                <![CDATA[chrome]]>
              </value>
            </param>
          </params>
          <reporter-output>
          </reporter-output>
        </test-method> <!-- browserIntialization -->
        <test-method signature="verifyWhetherTheUserIsAbleToAddNewContact()[pri:0, instance:testScript.ManageContactTest@1be2019a]" started-at="2025-06-09T20:33:44 IST" name="verifyWhetherTheUserIsAbleToAddNewContact" description="Verify whether the user is able to add new contact information to the manage contact page" finished-at="2025-06-09T20:33:46 IST" duration-ms="1168" status="FAIL">
          <exception class="java.lang.NullPointerException">
            <message>
              <![CDATA[Cannot invoke "org.apache.poi.xssf.usermodel.XSSFSheet.getRow(int)" because "utilities.ExcelUtility.sh" is null]]>
            </message>
            <full-stacktrace>
              <![CDATA[java.lang.NullPointerException: Cannot invoke "org.apache.poi.xssf.usermodel.XSSFSheet.getRow(int)" because "utilities.ExcelUtility.sh" is null
at utilities.ExcelUtility.getStringData(ExcelUtility.java:24)
at testScript.ManageContactTest.verifyWhetherTheUserIsAbleToAddNewContact(ManageContactTest.java:28)
at java.base/jdk.internal.reflect.DirectMethodHandleAccessor.invoke(DirectMethodHandleAccessor.java:103)
at java.base/java.lang.reflect.Method.invoke(Method.java:580)
at org.testng.internal.invokers.MethodInvocationHelper.invokeMethod(MethodInvocationHelper.java:139)
at org.testng.internal.invokers.TestInvoker.invokeMethod(TestInvoker.java:664)
at org.testng.internal.invokers.TestInvoker.invokeTestMethod(TestInvoker.java:227)
at org.testng.internal.invokers.MethodRunner.runInSequence(MethodRunner.java:50)
at org.testng.internal.invokers.TestInvoker$MethodInvocationAgent.invoke(TestInvoker.java:957)
at org.testng.internal.invokers.TestInvoker.invokeTestMethods(TestInvoker.java:200)
at org.testng.internal.invokers.TestMethodWorker.invokeTestMethods(TestMethodWorker.java:148)
at org.testng.internal.invokers.TestMethodWorker.run(TestMethodWorker.java:128)
at java.base/java.util.ArrayList.forEach(ArrayList.java:1596)
at org.testng.TestRunner.privateRun(TestRunner.java:848)
at org.testng.TestRunner.run(TestRunner.java:621)
at org.testng.SuiteRunner.runTest(SuiteRunner.java:443)
at org.testng.SuiteRunner.runSequentially(SuiteRunner.java:437)
at org.testng.SuiteRunner.privateRun(SuiteRunner.java:397)
at org.testng.SuiteRunner.run(SuiteRunner.java:336)
at org.testng.SuiteRunnerWorker.runSuite(SuiteRunnerWorker.java:52)
at org.testng.SuiteRunnerWorker.run(SuiteRunnerWorker.java:95)
at org.testng.TestNG.runSuitesSequentially(TestNG.java:1280)
at org.testng.TestNG.runSuitesLocally(TestNG.java:1200)
at org.testng.TestNG.runSuites(TestNG.java:1114)
at org.testng.TestNG.run(TestNG.java:1082)
at org.testng.remote.AbstractRemoteTestNG.run(AbstractRemoteTestNG.java:115)
at org.testng.remote.RemoteTestNG.initAndRun(RemoteTestNG.java:293)
at org.testng.remote.RemoteTestNG.main(RemoteTestNG.java:91)
]]>
            </full-stacktrace>
          </exception> <!-- java.lang.NullPointerException -->
          <reporter-output>
          </reporter-output>
        </test-method> <!-- verifyWhetherTheUserIsAbleToAddNewContact -->
        <test-method is-config="true" signature="browserQuit(org.testng.ITestResult)[pri:0, instance:testScript.ManageContactTest@1be2019a]" started-at="2025-06-09T20:33:46 IST" name="browserQuit" finished-at="2025-06-09T20:33:46 IST" duration-ms="897" status="PASS">
          <params>
            <param index="0">
              <value>
                <![CDATA[[TestResult name=verifyWhetherTheUserIsAbleToAddNewContact status=FAILURE method=ManageContactTest.verifyWhetherTheUserIsAbleToAddNewContact()[pri:0, instance:testScript.ManageContactTest@1be2019a] output={null}]]]>
              </value>
            </param>
          </params>
          <reporter-output>
          </reporter-output>
        </test-method> <!-- browserQuit -->
      </class> <!-- testScript.ManageContactTest -->
    </test> <!-- Test -->
  </suite> <!-- Suite -->
</testng-results>
