<?xml version="1.0" encoding="UTF-8"?>
<testng-results ignored="0" total="3" passed="3" failed="0" skipped="0">
  <reporter-output>
  </reporter-output>
  <suite started-at="2025-06-08T20:15:08 IST" name="Suite" finished-at="2025-06-08T20:15:24 IST" duration-ms="16015">
    <groups>
    </groups>
    <test started-at="2025-06-08T20:15:08 IST" name="Test" finished-at="2025-06-08T20:15:24 IST" duration-ms="16015">
      <class name="testScript.ManageNewsTest">
        <test-method is-config="true" signature="browserIntialization(java.lang.String)[pri:0, instance:testScript.ManageNewsTest@387a8303]" started-at="2025-06-08T20:15:08 IST" name="browserIntialization" finished-at="2025-06-08T20:15:13 IST" duration-ms="4729" status="PASS">
          <params>
            <param index="0">
              <value>
                <![CDATA[chrome]]>
              </value>
            </param>
          </params>
          <reporter-output>
          </reporter-output>
        </test-method> <!-- browserIntialization -->
        <test-method signature="manageNewsTest()[pri:0, instance:testScript.ManageNewsTest@387a8303]" started-at="2025-06-08T20:15:13 IST" name="manageNewsTest" finished-at="2025-06-08T20:15:16 IST" duration-ms="3565" status="PASS">
          <reporter-output>
          </reporter-output>
        </test-method> <!-- manageNewsTest -->
        <test-method is-config="true" signature="browserQuit(org.testng.ITestResult)[pri:0, instance:testScript.ManageNewsTest@387a8303]" started-at="2025-06-08T20:15:16 IST" name="browserQuit" finished-at="2025-06-08T20:15:16 IST" duration-ms="0" status="PASS">
          <params>
            <param index="0">
              <value>
                <![CDATA[[TestResult name=manageNewsTest status=SUCCESS method=ManageNewsTest.manageNewsTest()[pri:0, instance:testScript.ManageNewsTest@387a8303] output={null}]]]>
              </value>
            </param>
          </params>
          <reporter-output>
          </reporter-output>
        </test-method> <!-- browserQuit -->
        <test-method is-config="true" signature="browserIntialization(java.lang.String)[pri:0, instance:testScript.ManageNewsTest@387a8303]" started-at="2025-06-08T20:15:16 IST" name="browserIntialization" finished-at="2025-06-08T20:15:20 IST" duration-ms="3336" status="PASS">
          <params>
            <param index="0">
              <value>
                <![CDATA[chrome]]>
              </value>
            </param>
          </params>
          <reporter-output>
          </reporter-output>
        </test-method> <!-- browserIntialization -->
        <test-method signature="manageNewsTest1()[pri:0, instance:testScript.ManageNewsTest@387a8303]" started-at="2025-06-08T20:15:20 IST" name="manageNewsTest1" finished-at="2025-06-08T20:15:21 IST" duration-ms="1208" status="PASS">
          <reporter-output>
          </reporter-output>
        </test-method> <!-- manageNewsTest1 -->
        <test-method is-config="true" signature="browserQuit(org.testng.ITestResult)[pri:0, instance:testScript.ManageNewsTest@387a8303]" started-at="2025-06-08T20:15:21 IST" name="browserQuit" finished-at="2025-06-08T20:15:21 IST" duration-ms="0" status="PASS">
          <params>
            <param index="0">
              <value>
                <![CDATA[[TestResult name=manageNewsTest1 status=SUCCESS method=ManageNewsTest.manageNewsTest1()[pri:0, instance:testScript.ManageNewsTest@387a8303] output={null}]]]>
              </value>
            </param>
          </params>
          <reporter-output>
          </reporter-output>
        </test-method> <!-- browserQuit -->
        <test-method is-config="true" signature="browserIntialization(java.lang.String)[pri:0, instance:testScript.ManageNewsTest@387a8303]" started-at="2025-06-08T20:15:21 IST" name="browserIntialization" finished-at="2025-06-08T20:15:23 IST" duration-ms="1859" status="PASS">
          <params>
            <param index="0">
              <value>
                <![CDATA[chrome]]>
              </value>
            </param>
          </params>
          <reporter-output>
          </reporter-output>
        </test-method> <!-- browserIntialization -->
        <test-method signature="manageNewsTest2()[pri:0, instance:testScript.ManageNewsTest@387a8303]" started-at="2025-06-08T20:15:23 IST" name="manageNewsTest2" finished-at="2025-06-08T20:15:24 IST" duration-ms="1247" status="PASS">
          <reporter-output>
          </reporter-output>
        </test-method> <!-- manageNewsTest2 -->
        <test-method is-config="true" signature="browserQuit(org.testng.ITestResult)[pri:0, instance:testScript.ManageNewsTest@387a8303]" started-at="2025-06-08T20:15:24 IST" name="browserQuit" finished-at="2025-06-08T20:15:24 IST" duration-ms="8" status="PASS">
          <params>
            <param index="0">
              <value>
                <![CDATA[[TestResult name=manageNewsTest2 status=SUCCESS method=ManageNewsTest.manageNewsTest2()[pri:0, instance:testScript.ManageNewsTest@387a8303] output={null}]]]>
              </value>
            </param>
          </params>
          <reporter-output>
          </reporter-output>
        </test-method> <!-- browserQuit -->
      </class> <!-- testScript.ManageNewsTest -->
    </test> <!-- Test -->
  </suite> <!-- Suite -->
</testng-results>
